[pendigits s1] fitting no_aug baseline
Traceback (most recent call last):
  File "/home/THL/project/MTS-PIA/standalone_projects/ACT_ManifoldBridge/scripts/run_external_baselines_phase1.py", line 1009, in <module>
    main()
  File "/home/THL/project/MTS-PIA/standalone_projects/ACT_ManifoldBridge/scripts/run_external_baselines_phase1.py", line 1005, in main
    run(args)
  File "/home/THL/project/MTS-PIA/standalone_projects/ACT_ManifoldBridge/scripts/run_external_baselines_phase1.py", line 696, in run
    base_res = _fit_hard(X_train, y_train, X_val, y_val, X_test, y_test, args, seed)
  File "/home/THL/project/MTS-PIA/standalone_projects/ACT_ManifoldBridge/scripts/run_external_baselines_phase1.py", line 67, in _fit_hard
    return fit_hard_backbone(
  File "/home/THL/project/MTS-PIA/standalone_projects/ACT_ManifoldBridge/utils/backbone_trainers.py", line 62, in fit_hard_backbone
    return fit_eval_minirocket(model, X_train, y_train, X_test, y_test)
  File "/home/THL/project/MTS-PIA/standalone_projects/ACT_ManifoldBridge/utils/evaluators.py", line 178, in fit_eval_minirocket
    model.fit(X_train, y_train)
  File "/home/THL/miniconda3/envs/pia/lib/python3.10/site-packages/aeon/classification/base.py", line 112, in fit
    self._fit(X, y)
  File "/home/THL/miniconda3/envs/pia/lib/python3.10/site-packages/aeon/classification/convolution_based/_minirocket.py", line 156, in _fit
    self.pipeline_.fit(X, y)
  File "/home/THL/miniconda3/envs/pia/lib/python3.10/site-packages/sklearn/base.py", line 1365, in wrapper
    return fit_method(estimator, *args, **kwargs)
  File "/home/THL/miniconda3/envs/pia/lib/python3.10/site-packages/sklearn/pipeline.py", line 655, in fit
    Xt = self._fit(X, y, routed_params, raw_params=params)
  File "/home/THL/miniconda3/envs/pia/lib/python3.10/site-packages/sklearn/pipeline.py", line 589, in _fit
    X, fitted_transformer = fit_transform_one_cached(
  File "/home/THL/miniconda3/envs/pia/lib/python3.10/site-packages/joblib/memory.py", line 326, in __call__
    return self.func(*args, **kwargs)
  File "/home/THL/miniconda3/envs/pia/lib/python3.10/site-packages/sklearn/pipeline.py", line 1540, in _fit_transform_one
    res = transformer.fit_transform(X, y, **params.get("fit_transform", {}))
  File "/home/THL/miniconda3/envs/pia/lib/python3.10/site-packages/aeon/transformations/collection/base.py", line 206, in fit_transform
    Xt = self._fit_transform(X=X, y=y)
  File "/home/THL/miniconda3/envs/pia/lib/python3.10/site-packages/aeon/transformations/collection/base.py", line 323, in _fit_transform
    self._fit(X, y)
  File "/home/THL/miniconda3/envs/pia/lib/python3.10/site-packages/aeon/transformations/collection/convolution_based/_minirocket.py", line 116, in _fit
    raise ValueError(
ValueError: n_timepoints must be >= 9, but found 8; zero pad shorter series so that n_timepoints == 9
